<?xml version="1.0" encoding="utf-8" ?>
<!DOCTYPE html PUBLIC "-//W3C//DTD XHTML 1.0 Strict//EN"
        "http://www.w3.org/TR/xhtml1/DTD/xhtml1-strict.dtd">
<html xmlns="http://www.w3.org/1999/xhtml" xml:lang="" lang="">
<head>
  <title>Test Results Report - Test</title>
  <meta http-equiv="Content-Type" content="text/html;charset=utf-8" />
  <meta name="description" content="TestNG unit test results." />
  <link href="reportng.css" rel="stylesheet" type="text/css" />
    <script type="text/javascript" src="reportng.js"></script>
</head>
<body>
<h1>Test</h1>
<p>
  Test duration: 67.340s
</p>



  <table class="resultsTable">
    <tr><th colspan="3" class="header failed">Failed Tests</th></tr>
          <tr>
        <td colspan="3" class="group">com.mediastep.test.DemoTestlink</td>
      </tr>
            
<tr>
  <td class="method">
                  TC_1
      </td>
  <td class="duration">
    0.123s
  </td>
  <td class="result">
        
    
            <div class="testOutput">
                        Text : Welcome, BeeCow PLatform!</br>
                                <font color='red'> [TestResult name=TC_1 status=FAILURE method=DemoTestlink.TC_1()[pri:0, instance:com.mediastep.test.DemoTestlink@30a3107a] output=Text : Welcome, BeeCow PLatform!</br>] </font></br>
                                View error : <a href=../screenshots/04_Jan_2017__02_18_12PM.png_TC_1>Screenshot</a>
                                FAILED
                                ===========================================================================
                  </div>
    

        <a href="javascript:toggleElement('exception-0', 'block')" title="Click to expand/collapse"><b>java.lang.AssertionError: TC1 was failed:&nbsp; expected [true] but found [false]</b></a><br />
    <div class="stackTrace" id="exception-0">
              org.testng.Assert.fail(Assert.java:94)<br />
              org.testng.Assert.failNotEquals(Assert.java:513)<br />
              org.testng.Assert.assertTrue(Assert.java:42)<br />
              com.mediastep.test.DemoTestlink.TC_1(DemoTestlink.java:30)<br />
              sun.reflect.NativeMethodAccessorImpl.invoke0(Native Method)<br />
              sun.reflect.NativeMethodAccessorImpl.invoke(NativeMethodAccessorImpl.java:62)<br />
              sun.reflect.DelegatingMethodAccessorImpl.invoke(DelegatingMethodAccessorImpl.java:43)<br />
              java.lang.reflect.Method.invoke(Method.java:498)<br />
              org.testng.internal.MethodInvocationHelper.invokeMethod(MethodInvocationHelper.java:86)<br />
              org.testng.internal.Invoker.invokeMethod(Invoker.java:643)<br />
              org.testng.internal.Invoker.invokeTestMethod(Invoker.java:820)<br />
              org.testng.internal.Invoker.invokeTestMethods(Invoker.java:1128)<br />
              org.testng.internal.TestMethodWorker.invokeTestMethods(TestMethodWorker.java:129)<br />
              org.testng.internal.TestMethodWorker.run(TestMethodWorker.java:112)<br />
              org.testng.TestRunner.privateRun(TestRunner.java:782)<br />
              org.testng.TestRunner.run(TestRunner.java:632)<br />
              org.testng.SuiteRunner.runTest(SuiteRunner.java:366)<br />
              org.testng.SuiteRunner.runSequentially(SuiteRunner.java:361)<br />
              org.testng.SuiteRunner.privateRun(SuiteRunner.java:319)<br />
              org.testng.SuiteRunner.run(SuiteRunner.java:268)<br />
              org.testng.SuiteRunnerWorker.runSuite(SuiteRunnerWorker.java:52)<br />
              org.testng.SuiteRunnerWorker.run(SuiteRunnerWorker.java:86)<br />
              org.testng.TestNG.runSuitesSequentially(TestNG.java:1244)<br />
              org.testng.TestNG.runSuitesLocally(TestNG.java:1169)<br />
              org.testng.TestNG.run(TestNG.java:1064)<br />
              org.testng.remote.AbstractRemoteTestNG.run(AbstractRemoteTestNG.java:132)<br />
              org.testng.remote.RemoteTestNG.initAndRun(RemoteTestNG.java:236)<br />
              org.testng.remote.RemoteTestNG.main(RemoteTestNG.java:81)<br />
                </div>
      </td>
</tr>
<tr>
  <td class="method">
                  TC_2
      </td>
  <td class="duration">
    3.904s
  </td>
  <td class="result">
        
    
            <div class="testOutput">
                        Click : account-menu</br>
                                Click : .//*[@id='login']/span[2]</br>
                                change data : admin</br>
                                change data : admin</br>
                                Click : html/body/div[1]/div/div/div[2]/div/div[3]/form/div[4]/button</br>
                                Text : You are logged in as user "admin".</br>
                                <font color='red'> [TestResult name=TC_2 status=FAILURE method=DemoTestlink.TC_2()[pri:0, instance:com.mediastep.test.DemoTestlink@30a3107a] output=Click : account-menu</br>] </font></br>
                                View error : <a href=../screenshots/04_Jan_2017__02_18_30PM.png_TC_2>Screenshot</a>
                                FAILED
                                ===========================================================================
                  </div>
    

        <a href="javascript:toggleElement('exception-1', 'block')" title="Click to expand/collapse"><b>java.lang.AssertionError: expected [true] but found [false]</b></a><br />
    <div class="stackTrace" id="exception-1">
              org.testng.Assert.fail(Assert.java:94)<br />
              org.testng.Assert.failNotEquals(Assert.java:513)<br />
              org.testng.Assert.assertTrue(Assert.java:42)<br />
              org.testng.Assert.assertTrue(Assert.java:52)<br />
              com.mediastep.test.DemoTestlink.TC_2(DemoTestlink.java:63)<br />
              sun.reflect.NativeMethodAccessorImpl.invoke0(Native Method)<br />
              sun.reflect.NativeMethodAccessorImpl.invoke(NativeMethodAccessorImpl.java:62)<br />
              sun.reflect.DelegatingMethodAccessorImpl.invoke(DelegatingMethodAccessorImpl.java:43)<br />
              java.lang.reflect.Method.invoke(Method.java:498)<br />
              org.testng.internal.MethodInvocationHelper.invokeMethod(MethodInvocationHelper.java:86)<br />
              org.testng.internal.Invoker.invokeMethod(Invoker.java:643)<br />
              org.testng.internal.Invoker.invokeTestMethod(Invoker.java:820)<br />
              org.testng.internal.Invoker.invokeTestMethods(Invoker.java:1128)<br />
              org.testng.internal.TestMethodWorker.invokeTestMethods(TestMethodWorker.java:129)<br />
              org.testng.internal.TestMethodWorker.run(TestMethodWorker.java:112)<br />
              org.testng.TestRunner.privateRun(TestRunner.java:782)<br />
              org.testng.TestRunner.run(TestRunner.java:632)<br />
              org.testng.SuiteRunner.runTest(SuiteRunner.java:366)<br />
              org.testng.SuiteRunner.runSequentially(SuiteRunner.java:361)<br />
              org.testng.SuiteRunner.privateRun(SuiteRunner.java:319)<br />
              org.testng.SuiteRunner.run(SuiteRunner.java:268)<br />
              org.testng.SuiteRunnerWorker.runSuite(SuiteRunnerWorker.java:52)<br />
              org.testng.SuiteRunnerWorker.run(SuiteRunnerWorker.java:86)<br />
              org.testng.TestNG.runSuitesSequentially(TestNG.java:1244)<br />
              org.testng.TestNG.runSuitesLocally(TestNG.java:1169)<br />
              org.testng.TestNG.run(TestNG.java:1064)<br />
              org.testng.remote.AbstractRemoteTestNG.run(AbstractRemoteTestNG.java:132)<br />
              org.testng.remote.RemoteTestNG.initAndRun(RemoteTestNG.java:236)<br />
              org.testng.remote.RemoteTestNG.main(RemoteTestNG.java:81)<br />
                </div>
      </td>
</tr>
      </table>


  <table class="resultsTable">
    <tr><th colspan="3" class="header passed">Passed Tests</th></tr>
          <tr>
        <td colspan="3" class="group">com.mediastep.test.DemoTestlink</td>
      </tr>
            
<tr>
  <td class="method">
                  TC_3
      </td>
  <td class="duration">
    7.195s
  </td>
  <td class="result">
        
    
            <div class="testOutput">
                        Click : account-menu</br>
                                Click : .//*[@id='login']/span[2]</br>
                                change data : admin</br>
                                change data : admin</br>
                                Click : html/body/div[1]/div/div/div[2]/div/div[3]/form/div[4]/button</br>
                                Click : account-menu</br>
                                Click : logout</br>
                                Text : If you want to sign in, you can try the default accounts:
- Administrator (login="admin" and password="admin")
- User (login="user" and password="user").</br>
                                PASSED
                                ===========================================================================
                  </div>
    

      </td>
</tr>
          <tr>
        <td colspan="3" class="group">com.mediastep.test.apitest.Demoapitest</td>
      </tr>
            
<tr>
  <td class="method">
                  TC_4
      </td>
  <td class="duration">
    3.563s
  </td>
  <td class="result">
        
    
            <div class="testOutput">
                        PASSED
                                ===========================================================================
                  </div>
    

      </td>
</tr>
      </table>
  
</body>
</html>
