<html>
<head>
<title>TestNG:  Test</title>
<link href="../testng.css" rel="stylesheet" type="text/css" />
<link href="../my-testng.css" rel="stylesheet" type="text/css" />

<style type="text/css">
.log { display: none;} 
.stack-trace { display: none;} 
</style>
<script type="text/javascript">
<!--
function flip(e) {
  current = e.style.display;
  if (current == 'block') {
    e.style.display = 'none';
    return 0;
  }
  else {
    e.style.display = 'block';
    return 1;
  }
}

function toggleBox(szDivId, elem, msg1, msg2)
{
  var res = -1;  if (document.getElementById) {
    res = flip(document.getElementById(szDivId));
  }
  else if (document.all) {
    // this is the way old msie versions work
    res = flip(document.all[szDivId]);
  }
  if(elem) {
    if(res == 0) elem.innerHTML = msg1; else elem.innerHTML = msg2;
  }

}

function toggleAllBoxes() {
  if (document.getElementsByTagName) {
    d = document.getElementsByTagName('div');
    for (i = 0; i < d.length; i++) {
      if (d[i].className == 'log') {
        flip(d[i]);
      }
    }
  }
}

// -->
</script>

</head>
<body>
<h2 align='center'>Test</h2><table border='1' align="center">
<tr>
<td>Tests passed/Failed/Skipped:</td><td>2/2/0</td>
</tr><tr>
<td>Started on:</td><td>Wed Jan 04 14:17:52 ICT 2017</td>
</tr>
<tr><td>Total time:</td><td>66 seconds (66229 ms)</td>
</tr><tr>
<td>Included groups:</td><td></td>
</tr><tr>
<td>Excluded groups:</td><td></td>
</tr>
</table><p/>
<small><i>(Hover the method name to see the test class name)</i></small><p/>
<table width='100%' border='1' class='invocation-failed'>
<tr><td colspan='4' align='center'><b>FAILED TESTS</b></td></tr>
<tr><td><b>Test method</b></td>
<td width="30%"><b>Exception</b></td>
<td width="10%"><b>Time (seconds)</b></td>
<td><b>Instance</b></td>
</tr>
<tr>
<td title='com.mediastep.test.DemoTestlink.TC_1()'><b>TC_1</b><br>Test class: com.mediastep.test.DemoTestlink<br/>
<a href="#Output-57241990" onClick='toggleBox("Output-57241990", this, "Show output", "Hide output");'>Show output</a>

<a href="#Output-57241990" onClick="toggleAllBoxes();">Show all outputs</a>
<div class='log' id="Output-57241990">
Text : Welcome, BeeCow PLatform!</br><br/>
<font color='red'> [TestResult name=TC_1 status=FAILURE method=DemoTestlink.TC_1()[pri:0, instance:com.mediastep.test.DemoTestlink@30a3107a] output=Text : Welcome, BeeCow PLatform!</br>] </font></br><br/>
View error : <a href=../screenshots/04_Jan_2017__02_18_12PM.png_TC_1>Screenshot</a><br/>
FAILED<br/>
===========================================================================<br/>
</div>
</td>
<td><div><pre>java.lang.AssertionError: TC1 was failed:  expected [true] but found [false]
	at com.mediastep.test.DemoTestlink.TC_1(DemoTestlink.java:30)
... Removed 27 stack frames</pre></div><a href='#' onClick='toggleBox("stack-trace57241990", this, "Click to show all stack frames", "Click to hide stack frames")'>Click to show all stack frames</a>
<div class='stack-trace' id='stack-trace57241990'><pre>java.lang.AssertionError: TC1 was failed:  expected [true] but found [false]
	at org.testng.Assert.fail(Assert.java:94)
	at org.testng.Assert.failNotEquals(Assert.java:513)
	at org.testng.Assert.assertTrue(Assert.java:42)
	at com.mediastep.test.DemoTestlink.TC_1(DemoTestlink.java:30)
	at sun.reflect.NativeMethodAccessorImpl.invoke0(Native Method)
	at sun.reflect.NativeMethodAccessorImpl.invoke(NativeMethodAccessorImpl.java:62)
	at sun.reflect.DelegatingMethodAccessorImpl.invoke(DelegatingMethodAccessorImpl.java:43)
	at java.lang.reflect.Method.invoke(Method.java:498)
	at org.testng.internal.MethodInvocationHelper.invokeMethod(MethodInvocationHelper.java:86)
	at org.testng.internal.Invoker.invokeMethod(Invoker.java:643)
	at org.testng.internal.Invoker.invokeTestMethod(Invoker.java:820)
	at org.testng.internal.Invoker.invokeTestMethods(Invoker.java:1128)
	at org.testng.internal.TestMethodWorker.invokeTestMethods(TestMethodWorker.java:129)
	at org.testng.internal.TestMethodWorker.run(TestMethodWorker.java:112)
	at org.testng.TestRunner.privateRun(TestRunner.java:782)
	at org.testng.TestRunner.run(TestRunner.java:632)
	at org.testng.SuiteRunner.runTest(SuiteRunner.java:366)
	at org.testng.SuiteRunner.runSequentially(SuiteRunner.java:361)
	at org.testng.SuiteRunner.privateRun(SuiteRunner.java:319)
	at org.testng.SuiteRunner.run(SuiteRunner.java:268)
	at org.testng.SuiteRunnerWorker.runSuite(SuiteRunnerWorker.java:52)
	at org.testng.SuiteRunnerWorker.run(SuiteRunnerWorker.java:86)
	at org.testng.TestNG.runSuitesSequentially(TestNG.java:1244)
	at org.testng.TestNG.runSuitesLocally(TestNG.java:1169)
	at org.testng.TestNG.run(TestNG.java:1064)
	at org.testng.remote.AbstractRemoteTestNG.run(AbstractRemoteTestNG.java:132)
	at org.testng.remote.RemoteTestNG.initAndRun(RemoteTestNG.java:236)
	at org.testng.remote.RemoteTestNG.main(RemoteTestNG.java:81)
</pre></div></td>
<td>0</td>
<td>com.mediastep.test.DemoTestlink@30a3107a</td></tr>
<tr>
<td title='com.mediastep.test.DemoTestlink.TC_2()'><b>TC_2</b><br>Test class: com.mediastep.test.DemoTestlink<br/>
<a href="#Output-1950800085" onClick='toggleBox("Output-1950800085", this, "Show output", "Hide output");'>Show output</a>

<a href="#Output-1950800085" onClick="toggleAllBoxes();">Show all outputs</a>
<div class='log' id="Output-1950800085">
Click : account-menu</br><br/>
Click : .//*[@id='login']/span[2]</br><br/>
change data : admin</br><br/>
change data : admin</br><br/>
Click : html/body/div[1]/div/div/div[2]/div/div[3]/form/div[4]/button</br><br/>
Text : You are logged in as user "admin".</br><br/>
<font color='red'> [TestResult name=TC_2 status=FAILURE method=DemoTestlink.TC_2()[pri:0, instance:com.mediastep.test.DemoTestlink@30a3107a] output=Click : account-menu</br>] </font></br><br/>
View error : <a href=../screenshots/04_Jan_2017__02_18_30PM.png_TC_2>Screenshot</a><br/>
FAILED<br/>
===========================================================================<br/>
</div>
</td>
<td><div><pre>java.lang.AssertionError: expected [true] but found [false]
	at com.mediastep.test.DemoTestlink.TC_2(DemoTestlink.java:63)
... Removed 28 stack frames</pre></div><a href='#' onClick='toggleBox("stack-trace1950800085", this, "Click to show all stack frames", "Click to hide stack frames")'>Click to show all stack frames</a>
<div class='stack-trace' id='stack-trace1950800085'><pre>java.lang.AssertionError: expected [true] but found [false]
	at org.testng.Assert.fail(Assert.java:94)
	at org.testng.Assert.failNotEquals(Assert.java:513)
	at org.testng.Assert.assertTrue(Assert.java:42)
	at org.testng.Assert.assertTrue(Assert.java:52)
	at com.mediastep.test.DemoTestlink.TC_2(DemoTestlink.java:63)
	at sun.reflect.NativeMethodAccessorImpl.invoke0(Native Method)
	at sun.reflect.NativeMethodAccessorImpl.invoke(NativeMethodAccessorImpl.java:62)
	at sun.reflect.DelegatingMethodAccessorImpl.invoke(DelegatingMethodAccessorImpl.java:43)
	at java.lang.reflect.Method.invoke(Method.java:498)
	at org.testng.internal.MethodInvocationHelper.invokeMethod(MethodInvocationHelper.java:86)
	at org.testng.internal.Invoker.invokeMethod(Invoker.java:643)
	at org.testng.internal.Invoker.invokeTestMethod(Invoker.java:820)
	at org.testng.internal.Invoker.invokeTestMethods(Invoker.java:1128)
	at org.testng.internal.TestMethodWorker.invokeTestMethods(TestMethodWorker.java:129)
	at org.testng.internal.TestMethodWorker.run(TestMethodWorker.java:112)
	at org.testng.TestRunner.privateRun(TestRunner.java:782)
	at org.testng.TestRunner.run(TestRunner.java:632)
	at org.testng.SuiteRunner.runTest(SuiteRunner.java:366)
	at org.testng.SuiteRunner.runSequentially(SuiteRunner.java:361)
	at org.testng.SuiteRunner.privateRun(SuiteRunner.java:319)
	at org.testng.SuiteRunner.run(SuiteRunner.java:268)
	at org.testng.SuiteRunnerWorker.runSuite(SuiteRunnerWorker.java:52)
	at org.testng.SuiteRunnerWorker.run(SuiteRunnerWorker.java:86)
	at org.testng.TestNG.runSuitesSequentially(TestNG.java:1244)
	at org.testng.TestNG.runSuitesLocally(TestNG.java:1169)
	at org.testng.TestNG.run(TestNG.java:1064)
	at org.testng.remote.AbstractRemoteTestNG.run(AbstractRemoteTestNG.java:132)
	at org.testng.remote.RemoteTestNG.initAndRun(RemoteTestNG.java:236)
	at org.testng.remote.RemoteTestNG.main(RemoteTestNG.java:81)
</pre></div></td>
<td>3</td>
<td>com.mediastep.test.DemoTestlink@30a3107a</td></tr>
</table><p>
<table width='100%' border='1' class='invocation-passed'>
<tr><td colspan='4' align='center'><b>PASSED TESTS</b></td></tr>
<tr><td><b>Test method</b></td>
<td width="30%"><b>Exception</b></td>
<td width="10%"><b>Time (seconds)</b></td>
<td><b>Instance</b></td>
</tr>
<tr>
<td title='com.mediastep.test.DemoTestlink.TC_3()'><b>TC_3</b><br>Test class: com.mediastep.test.DemoTestlink<br/>
<a href="#Output-1244867001" onClick='toggleBox("Output-1244867001", this, "Show output", "Hide output");'>Show output</a>

<a href="#Output-1244867001" onClick="toggleAllBoxes();">Show all outputs</a>
<div class='log' id="Output-1244867001">
Click : account-menu</br><br/>
Click : .//*[@id='login']/span[2]</br><br/>
change data : admin</br><br/>
change data : admin</br><br/>
Click : html/body/div[1]/div/div/div[2]/div/div[3]/form/div[4]/button</br><br/>
Click : account-menu</br><br/>
Click : logout</br><br/>
Text : If you want to sign in, you can try the default accounts:
- Administrator (login="admin" and password="admin")
- User (login="user" and password="user").</br><br/>
PASSED<br/>
===========================================================================<br/>
</div>
</td>
<td></td>
<td>7</td>
<td>com.mediastep.test.DemoTestlink@30a3107a</td></tr>
<tr>
<td title='com.mediastep.test.apitest.Demoapitest.TC_4()'><b>TC_4</b><br>Test class: com.mediastep.test.apitest.Demoapitest<br/>
<a href="#Output-1482748887" onClick='toggleBox("Output-1482748887", this, "Show output", "Hide output");'>Show output</a>

<a href="#Output-1482748887" onClick="toggleAllBoxes();">Show all outputs</a>
<div class='log' id="Output-1482748887">
PASSED<br/>
===========================================================================<br/>
</div>
</td>
<td></td>
<td>3</td>
<td>com.mediastep.test.apitest.Demoapitest@33c7e1bb</td></tr>
</table><p>
</body>
</html>